#-----------------------------------------------------------
# Webtalk v2015.4 (64-bit)
# SW Build 1412921 on Wed Nov 18 09:43:45 MST 2015
# 
# Start of session at: Thu Jun 01 19:31:25 2017
# Process ID: 15328
# Current directory: C:/Users/Marks-M3800/Documents/sensor_to_monitor_node_2015/sensor_to_monitor_node_2015.sdk/webtalk
# Command line: wbtcv.exe -mode batch -source sdk_webtalk.tcl
# Log file: C:/Users/Marks-M3800/Documents/sensor_to_monitor_node_2015/sensor_to_monitor_node_2015.sdk/webtalk/webtalk.log
# Journal file: C:/Users/Marks-M3800/Documents/sensor_to_monitor_node_2015/sensor_to_monitor_node_2015.sdk/webtalk\webtalk.jou
#-----------------------------------------------------------
source sdk_webtalk.tcl
# webtalk_init -webtalk_dir C:\\Users\\Marks-M3800\\Documents\\sensor_to_monitor_node_2015\\sensor_to_monitor_node_2015.sdk\\webtalk
# webtalk_register_client -client project
# webtalk_add_data -client project -key date_generated -value "Thu Jun 1 19:31:24 2017" -context "software_version_and_target_device"
# webtalk_add_data -client project -key product_version -value "SDK v2015.4" -context "software_version_and_target_device"
# webtalk_add_data -client project -key build_version -value "2015.4" -context "software_version_and_target_device"
# webtalk_add_data -client project -key os_platform -value "amd64" -context "software_version_and_target_device"
# webtalk_add_data -client project -key registration_id -value "" -context "software_version_and_target_device"
# webtalk_add_data -client project -key tool_flow -value "SDK" -context "software_version_and_target_device"
# webtalk_add_data -client project -key beta -value "false" -context "software_version_and_target_device"
# webtalk_add_data -client project -key route_design -value "NA" -context "software_version_and_target_device"
# webtalk_add_data -client project -key target_family -value "NA" -context "software_version_and_target_device"
# webtalk_add_data -client project -key target_device -value "NA" -context "software_version_and_target_device"
# webtalk_add_data -client project -key target_package -value "NA" -context "software_version_and_target_device"
# webtalk_add_data -client project -key target_speed -value "NA" -context "software_version_and_target_device"
# webtalk_add_data -client project -key random_id -value "s9a0k17c1r4e9fv8810sv2urh5" -context "software_version_and_target_device"
# webtalk_add_data -client project -key project_id -value "2015.4_4" -context "software_version_and_target_device"
# webtalk_add_data -client project -key project_iteration -value "4" -context "software_version_and_target_device"
# webtalk_add_data -client project -key os_name -value "" -context "user_environment"
# webtalk_add_data -client project -key os_release -value "" -context "user_environment"
# webtalk_add_data -client project -key cpu_name -value "" -context "user_environment"
# webtalk_add_data -client project -key cpu_speed -value "" -context "user_environment"
# webtalk_add_data -client project -key total_processors -value "" -context "user_environment"
# webtalk_add_data -client project -key system_ram -value "" -context "user_environment"
# webtalk_register_client -client sdk
# webtalk_add_data -client sdk -key uid -value "1496298750750" -context "sdk\\\\hardware/1496298750750"
# webtalk_add_data -client sdk -key isZynq -value "false" -context "sdk\\\\hardware/1496298750750"
# webtalk_add_data -client sdk -key Processors -value "1" -context "sdk\\\\hardware/1496298750750"
# webtalk_add_data -client sdk -key VivadoVersion -value "2015.4" -context "sdk\\\\hardware/1496298750750"
# webtalk_add_data -client sdk -key Arch -value "artix7" -context "sdk\\\\hardware/1496298750750"
# webtalk_add_data -client sdk -key Device -value "7a100t" -context "sdk\\\\hardware/1496298750750"
# webtalk_add_data -client sdk -key IsHandoff -value "true" -context "sdk\\\\hardware/1496298750750"
# webtalk_add_data -client sdk -key uid -value "1496298842128" -context "sdk\\\\bsp/1496298842128"
# webtalk_add_data -client sdk -key hwid -value "1496298750750" -context "sdk\\\\bsp/1496298842128"
# webtalk_add_data -client sdk -key os -value "standalone" -context "sdk\\\\bsp/1496298842128"
# webtalk_add_data -client sdk -key apptemplate -value "hello_world" -context "sdk\\\\bsp/1496298842128"
# webtalk_add_data -client sdk -key uid -value "1496298865775" -context "sdk\\\\application/1496298865775"
# webtalk_add_data -client sdk -key hwid -value "1496298750750" -context "sdk\\\\application/1496298865775"
# webtalk_add_data -client sdk -key bspid -value "1496298842128" -context "sdk\\\\application/1496298865775"
# webtalk_add_data -client sdk -key newbsp -value "true" -context "sdk\\\\application/1496298865775"
# webtalk_add_data -client sdk -key os -value "standalone" -context "sdk\\\\application/1496298865775"
# webtalk_add_data -client sdk -key apptemplate -value "hello_world" -context "sdk\\\\application/1496298865775"
# webtalk_transmit -clientid 578193313 -regid "" -xml C:\\Users\\Marks-M3800\\Documents\\sensor_to_monitor_node_2015\\sensor_to_monitor_node_2015.sdk\\webtalk\\usage_statistics_ext_sdk.xml -html C:\\Users\\Marks-M3800\\Documents\\sensor_to_monitor_node_2015\\sensor_to_monitor_node_2015.sdk\\webtalk\\usage_statistics_ext_sdk.html -wdm C:\\Users\\Marks-M3800\\Documents\\sensor_to_monitor_node_2015\\sensor_to_monitor_node_2015.sdk\\webtalk\\sdk_webtalk.wdm -intro "<H3>SDK Usage Report</H3><BR>"
# webtalk_terminate
INFO: [Common 17-206] Exiting Webtalk at Thu Jun 01 19:31:28 2017...
