Active-HDL 10.3.3559.6081  2017-12-06 15:13:32

Elaboration top modules:
Architecture                  arch(Convolution_Controller)


-------------------------------------------------------------------------------------------------------------------
Entity                 | Architecture | Library           | Info | Compiler Version          | Compilation Options
-------------------------------------------------------------------------------------------------------------------
Convolution_Controller | arch         | convolution_layer |      | 10.3.3559.6081  (Windows) | -O3
-------------------------------------------------------------------------------------------------------------------

-------------------------------------------------------------------------------------------------------------------
VHDL Package                          | Library           | Info | Compiler Version          | Compilation Options
-------------------------------------------------------------------------------------------------------------------
standard                              | std               |      |                           | <unavailable>
TEXTIO                                | std               |      | 10.3.3559.6081  (Windows) |  -2008
std_logic_1164                        | ieee              |      | 10.3.3559.6081  (Windows) |  -2008
NUMERIC_STD                           | ieee              |      | 10.3.3559.6081  (Windows) |  -2008
-------------------------------------------------------------------------------------------------------------------

-------------------------------------------------------------------------------------------------------------------
Library                               | Comment
-------------------------------------------------------------------------------------------------------------------
convolution_layer                     | None
ieee                                  | Standard IEEE packages library
std                                   | Standard VHDL library
-------------------------------------------------------------------------------------------------------------------
