Active-HDL 10.3.3559.6081  2017-06-19 9:20:32 PM

Elaboration top modules:
Architecture                  tb(bubble_sorter_tb)


---------------------------------------------------------------------------------------------------------
Entity           | Architecture | Library       | Info | Compiler Version          | Compilation Options
---------------------------------------------------------------------------------------------------------
bubble_sorter_tb | tb           | Bubble_Sorter |      | 10.3.3559.6081  (Windows) | -O3
bubble_sorter    | arch         | Bubble_Sorter |      | 10.3.3559.6081  (Windows) | -O3
sort_unit        | Behavioral   | Bubble_Sorter |      | 10.3.3559.6081  (Windows) | -O3
---------------------------------------------------------------------------------------------------------

---------------------------------------------------------------------------------------------------------
VHDL Package                    | Library       | Info | Compiler Version          | Compilation Options
---------------------------------------------------------------------------------------------------------
standard                        | std           |      |                           | <unavailable>
TEXTIO                          | std           |      | 10.3.3559.6081  (Windows) |  -2008
std_logic_1164                  | ieee          |      | 10.3.3559.6081  (Windows) |  -2008
NUMERIC_STD                     | ieee          |      | 10.3.3559.6081  (Windows) |  -2008
cnn_types                       | Bubble_Sorter |      | 10.3.3559.6081  (Windows) | -O3 -2008
---------------------------------------------------------------------------------------------------------

---------------------------------------------------------------------------------------------------------
Library                         | Comment
---------------------------------------------------------------------------------------------------------
Bubble_Sorter                   | None
ieee                            | Standard IEEE packages library
std                             | Standard VHDL library
---------------------------------------------------------------------------------------------------------
