Active-HDL 10.3.3559.6081  2017-04-06 17:39:18

Elaboration top modules:
Architecture                  SYN(frame_buffer)


-----------------------------------------------------------------------------------------------------
Entity       | Architecture | Library       | Info | Compiler Version          | Compilation Options
-----------------------------------------------------------------------------------------------------
frame_buffer | SYN          | ov7670_if_lib |      | 10.3.3559.6081  (Windows) | -O3
-----------------------------------------------------------------------------------------------------

-----------------------------------------------------------------------------------------------------
VHDL Package                | Library       | Info | Compiler Version          | Compilation Options
-----------------------------------------------------------------------------------------------------
standard                    | std           |      |                           | <unavailable>
TEXTIO                      | std           |      | 10.3.3559.6081  (Windows) |  -2008
std_logic_1164              | ieee          |      | 10.3.3559.6081  (Windows) |  -2008
-----------------------------------------------------------------------------------------------------

-----------------------------------------------------------------------------------------------------
Library                     | Comment
-----------------------------------------------------------------------------------------------------
ieee                        | Standard IEEE packages library
ov7670_if_lib               | None
std                         | Standard VHDL library
-----------------------------------------------------------------------------------------------------
