12:36:47 **** Build of project conv_db_bsp ****
make -k all 
"Running Make include in microblaze_0/libsrc/bram_v4_1/src"
make -C microblaze_0/libsrc/bram_v4_1/src -s include  "SHELL=CMD" "COMPILER=mb-gcc" "ARCHIVER=mb-ar" "COMPILER_FLAGS= -O2 -c -mcpu=v10.0 -mlittle-endian -mxl-soft-mul" "EXTRA_COMPILER_FLAGS=-g"
"Running Make include in microblaze_0/libsrc/Convolution_Layer_32bit_v1_0/src"
make -C microblaze_0/libsrc/Convolution_Layer_32bit_v1_0/src -s include  "SHELL=CMD" "COMPILER=mb-gcc" "ARCHIVER=mb-ar" "COMPILER_FLAGS= -O2 -c -mcpu=v10.0 -mlittle-endian -mxl-soft-mul" "EXTRA_COMPILER_FLAGS=-g"
"Running Make include in microblaze_0/libsrc/cpu_v2_5/src"
make -C microblaze_0/libsrc/cpu_v2_5/src -s include  "SHELL=CMD" "COMPILER=mb-gcc" "ARCHIVER=mb-ar" "COMPILER_FLAGS= -O2 -c -mcpu=v10.0 -mlittle-endian -mxl-soft-mul" "EXTRA_COMPILER_FLAGS=-g"
"Running Make include in microblaze_0/libsrc/intc_v3_5/src"
make -C microblaze_0/libsrc/intc_v3_5/src -s include  "SHELL=CMD" "COMPILER=mb-gcc" "ARCHIVER=mb-ar" "COMPILER_FLAGS= -O2 -c -mcpu=v10.0 -mlittle-endian -mxl-soft-mul" "EXTRA_COMPILER_FLAGS=-g"
"Running Make include in microblaze_0/libsrc/standalone_v6_1/src"
make -C microblaze_0/libsrc/standalone_v6_1/src -s include  "SHELL=CMD" "COMPILER=mb-gcc" "ARCHIVER=mb-ar" "COMPILER_FLAGS= -O2 -c -mcpu=v10.0 -mlittle-endian -mxl-soft-mul" "EXTRA_COMPILER_FLAGS=-g"
"Running Make include in microblaze_0/libsrc/sysmon_v7_3/src"
make -C microblaze_0/libsrc/sysmon_v7_3/src -s include  "SHELL=CMD" "COMPILER=mb-gcc" "ARCHIVER=mb-ar" "COMPILER_FLAGS= -O2 -c -mcpu=v10.0 -mlittle-endian -mxl-soft-mul" "EXTRA_COMPILER_FLAGS=-g"
"Running Make include in microblaze_0/libsrc/uartlite_v3_2/src"
make -C microblaze_0/libsrc/uartlite_v3_2/src -s include  "SHELL=CMD" "COMPILER=mb-gcc" "ARCHIVER=mb-ar" "COMPILER_FLAGS= -O2 -c -mcpu=v10.0 -mlittle-endian -mxl-soft-mul" "EXTRA_COMPILER_FLAGS=-g"
"Running Make libs in microblaze_0/libsrc/bram_v4_1/src"
make -C microblaze_0/libsrc/bram_v4_1/src -s libs  "SHELL=CMD" "COMPILER=mb-gcc" "ARCHIVER=mb-ar" "COMPILER_FLAGS= -O2 -c -mcpu=v10.0 -mlittle-endian -mxl-soft-mul" "EXTRA_COMPILER_FLAGS=-g"
"Compiling bram"
mb-ar: creating ../../../lib/libxil.a
"Running Make libs in microblaze_0/libsrc/Convolution_Layer_32bit_v1_0/src"
make -C microblaze_0/libsrc/Convolution_Layer_32bit_v1_0/src -s libs  "SHELL=CMD" "COMPILER=mb-gcc" "ARCHIVER=mb-ar" "COMPILER_FLAGS= -O2 -c -mcpu=v10.0 -mlittle-endian -mxl-soft-mul" "EXTRA_COMPILER_FLAGS=-g"
"Compiling Convolution_Layer_32bit..."
"Running Make libs in microblaze_0/libsrc/cpu_v2_5/src"
make -C microblaze_0/libsrc/cpu_v2_5/src -s libs  "SHELL=CMD" "COMPILER=mb-gcc" "ARCHIVER=mb-ar" "COMPILER_FLAGS= -O2 -c -mcpu=v10.0 -mlittle-endian -mxl-soft-mul" "EXTRA_COMPILER_FLAGS=-g"
"Compiling cpu"
"Running Make libs in microblaze_0/libsrc/intc_v3_5/src"
make -C microblaze_0/libsrc/intc_v3_5/src -s libs  "SHELL=CMD" "COMPILER=mb-gcc" "ARCHIVER=mb-ar" "COMPILER_FLAGS= -O2 -c -mcpu=v10.0 -mlittle-endian -mxl-soft-mul" "EXTRA_COMPILER_FLAGS=-g"
"Compiling intc"
"Running Make libs in microblaze_0/libsrc/standalone_v6_1/src"
make -C microblaze_0/libsrc/standalone_v6_1/src -s libs  "SHELL=CMD" "COMPILER=mb-gcc" "ARCHIVER=mb-ar" "COMPILER_FLAGS= -O2 -c -mcpu=v10.0 -mlittle-endian -mxl-soft-mul" "EXTRA_COMPILER_FLAGS=-g"
"Compiling standalone";
"Running Make libs in microblaze_0/libsrc/sysmon_v7_3/src"
make -C microblaze_0/libsrc/sysmon_v7_3/src -s libs  "SHELL=CMD" "COMPILER=mb-gcc" "ARCHIVER=mb-ar" "COMPILER_FLAGS= -O2 -c -mcpu=v10.0 -mlittle-endian -mxl-soft-mul" "EXTRA_COMPILER_FLAGS=-g"
"Compiling sysmon"
"Running Make libs in microblaze_0/libsrc/uartlite_v3_2/src"
make -C microblaze_0/libsrc/uartlite_v3_2/src -s libs  "SHELL=CMD" "COMPILER=mb-gcc" "ARCHIVER=mb-ar" "COMPILER_FLAGS= -O2 -c -mcpu=v10.0 -mlittle-endian -mxl-soft-mul" "EXTRA_COMPILER_FLAGS=-g"
"Compiling uartlite"
'Finished building libraries'

12:36:57 Build Finished (took 9s.830ms)

