INFO: [VRFC 10-163] Analyzing VHDL file "C:/Thesis_Nexys_Video_2016_4/Thesis_Nexys_Video_2016_4.ip_user_files/bd/DDR3_sim/ipshared/de76/hdl/memory_tester_v1_0_S00_AXI.vhd" into library xil_defaultlib
INFO: [VRFC 10-307] analyzing entity memory_tester_v1_0_S00_AXI
INFO: [VRFC 10-163] Analyzing VHDL file "C:/Thesis_Nexys_Video_2016_4/Thesis_Nexys_Video_2016_4.ip_user_files/bd/DDR3_sim/ipshared/de76/hdl/memory_tester_v1_0_M00_AXI.vhd" into library xil_defaultlib
INFO: [VRFC 10-307] analyzing entity memory_tester_v1_0_M00_AXI
INFO: [VRFC 10-163] Analyzing VHDL file "C:/Thesis_Nexys_Video_2016_4/Thesis_Nexys_Video_2016_4.ip_user_files/bd/DDR3_sim/ipshared/de76/hdl/memory_tester_v1_0.vhd" into library xil_defaultlib
INFO: [VRFC 10-307] analyzing entity memory_tester_v1_0
INFO: [VRFC 10-163] Analyzing VHDL file "C:/Thesis_Nexys_Video_2016_4/Thesis_Nexys_Video_2016_4.ip_user_files/bd/DDR3_sim/ip/DDR3_sim_memory_tester_0_0/sim/DDR3_sim_memory_tester_0_0.vhd" into library xil_defaultlib
INFO: [VRFC 10-307] analyzing entity DDR3_sim_memory_tester_0_0
INFO: [VRFC 10-163] Analyzing VHDL file "C:/Thesis_Nexys_Video_2016_4/Thesis_Nexys_Video_2016_4.ip_user_files/bd/DDR3_sim/ip/DDR3_sim_axi_bram_ctrl_0_0/sim/DDR3_sim_axi_bram_ctrl_0_0.vhd" into library xil_defaultlib
INFO: [VRFC 10-307] analyzing entity DDR3_sim_axi_bram_ctrl_0_0
INFO: [VRFC 10-163] Analyzing VHDL file "C:/Thesis_Nexys_Video_2016_4/Thesis_Nexys_Video_2016_4.ip_user_files/bd/DDR3_sim/ip/DDR3_sim_rst_clk_wiz_0_100M_0/sim/DDR3_sim_rst_clk_wiz_0_100M_0.vhd" into library xil_defaultlib
INFO: [VRFC 10-307] analyzing entity DDR3_sim_rst_clk_wiz_0_100M_0
INFO: [VRFC 10-163] Analyzing VHDL file "C:/Thesis_Nexys_Video_2016_4/Thesis_Nexys_Video_2016_4.srcs/sources_1/bd/DDR3_sim/ipshared/564d/hdl/fifo_generator_v13_1_rfs.vhd" into library fifo_generator_v13_1_3
INFO: [VRFC 10-307] analyzing entity input_blk
INFO: [VRFC 10-307] analyzing entity output_blk
INFO: [VRFC 10-307] analyzing entity shft_wrapper
INFO: [VRFC 10-307] analyzing entity shft_ram
INFO: [VRFC 10-307] analyzing entity wr_pf_as
INFO: [VRFC 10-307] analyzing entity wr_pf_ss
INFO: [VRFC 10-307] analyzing entity rd_pe_as
INFO: [VRFC 10-307] analyzing entity rd_pe_ss
INFO: [VRFC 10-307] analyzing entity synchronizer_ff
INFO: [VRFC 10-307] analyzing entity delay
INFO: [VRFC 10-307] analyzing entity bin_cntr
INFO: [VRFC 10-307] analyzing entity clk_x_pntrs_builtin
INFO: [VRFC 10-307] analyzing entity logic_builtin
INFO: [VRFC 10-307] analyzing entity builtin_prim
INFO: [VRFC 10-307] analyzing entity builtin_extdepth
INFO: [VRFC 10-307] analyzing entity builtin_top
INFO: [VRFC 10-307] analyzing entity reset_builtin
INFO: [VRFC 10-307] analyzing entity builtin_prim_v6
INFO: [VRFC 10-307] analyzing entity builtin_extdepth_v6
INFO: [VRFC 10-307] analyzing entity builtin_extdepth_low_latency
INFO: [VRFC 10-307] analyzing entity builtin_top_v6
INFO: [VRFC 10-307] analyzing entity fifo_generator_v13_1_3_builtin
INFO: [VRFC 10-307] analyzing entity bram_sync_reg
INFO: [VRFC 10-307] analyzing entity bram_fifo_rstlogic
INFO: [VRFC 10-307] analyzing entity reset_blk_ramfifo
INFO: [VRFC 10-307] analyzing entity axi_reg_slice
INFO: [VRFC 10-307] analyzing entity fifo_generator_top
INFO: [VRFC 10-307] analyzing entity fifo_generator_v13_1_3_synth
INFO: [VRFC 10-163] Analyzing VHDL file "C:/Thesis_Nexys_Video_2016_4/Thesis_Nexys_Video_2016_4.ip_user_files/bd/DDR3_sim/hdl/DDR3_sim.vhd" into library xil_defaultlib
INFO: [VRFC 10-307] analyzing entity m00_couplers_imp_23HTO3
INFO: [VRFC 10-307] analyzing entity m01_couplers_imp_1SLZFDE
INFO: [VRFC 10-307] analyzing entity s00_couplers_imp_1YO0EUP
INFO: [VRFC 10-307] analyzing entity DDR3_sim_axi_mem_intercon_0
INFO: [VRFC 10-307] analyzing entity DDR3_sim
INFO: [VRFC 10-163] Analyzing VHDL file "C:/Thesis_Nexys_Video_2016_4/Thesis_Nexys_Video_2016_4.srcs/sources_1/bd/DDR3_sim/hdl/DDR3_sim_wrapper.vhd" into library xil_defaultlib
INFO: [VRFC 10-307] analyzing entity DDR3_sim_wrapper
INFO: [VRFC 10-163] Analyzing VHDL file "C:/Thesis_Nexys_Video_2016_4/Thesis_Nexys_Video_2016_4.srcs/sim_1/new/DDR3_sim_test.vhd" into library xil_defaultlib
INFO: [VRFC 10-307] analyzing entity DDR3_sim_test
