INFO: [VRFC 10-2263] Analyzing Verilog file "C:/Thesis_Nexys_Video_2016_4/Thesis_Nexys_Video_2016_4.ip_user_files/bd/DDR3_sim/ip/DDR3_sim_clk_wiz_0_0/DDR3_sim_clk_wiz_0_0_clk_wiz.v" into library xil_defaultlib
INFO: [VRFC 10-311] analyzing module DDR3_sim_clk_wiz_0_0_clk_wiz
INFO: [VRFC 10-2263] Analyzing Verilog file "C:/Thesis_Nexys_Video_2016_4/Thesis_Nexys_Video_2016_4.ip_user_files/bd/DDR3_sim/ip/DDR3_sim_clk_wiz_0_0/DDR3_sim_clk_wiz_0_0.v" into library xil_defaultlib
INFO: [VRFC 10-311] analyzing module DDR3_sim_clk_wiz_0_0
INFO: [VRFC 10-2263] Analyzing Verilog file "C:/Thesis_Nexys_Video_2016_4/Thesis_Nexys_Video_2016_4.ip_user_files/bd/DDR3_sim/ip/DDR3_sim_blk_mem_gen_0_0/sim/DDR3_sim_blk_mem_gen_0_0.v" into library xil_defaultlib
INFO: [VRFC 10-311] analyzing module DDR3_sim_blk_mem_gen_0_0
INFO: [VRFC 10-2263] Analyzing Verilog file "C:/Thesis_Nexys_Video_2016_4/Thesis_Nexys_Video_2016_4.srcs/sources_1/bd/DDR3_sim/ipshared/564d/simulation/fifo_generator_vlog_beh.v" into library fifo_generator_v13_1_3
INFO: [VRFC 10-311] analyzing module fifo_generator_vlog_beh
INFO: [VRFC 10-2458] undeclared symbol wr_rst_busy_i, assumed default net type wire [C:/Thesis_Nexys_Video_2016_4/Thesis_Nexys_Video_2016_4.srcs/sources_1/bd/DDR3_sim/ipshared/564d/simulation/fifo_generator_vlog_beh.v:1249]
INFO: [VRFC 10-2458] undeclared symbol wr_eop_ad, assumed default net type wire [C:/Thesis_Nexys_Video_2016_4/Thesis_Nexys_Video_2016_4.srcs/sources_1/bd/DDR3_sim/ipshared/564d/simulation/fifo_generator_vlog_beh.v:1331]
INFO: [VRFC 10-2458] undeclared symbol rd_eop_ad, assumed default net type wire [C:/Thesis_Nexys_Video_2016_4/Thesis_Nexys_Video_2016_4.srcs/sources_1/bd/DDR3_sim/ipshared/564d/simulation/fifo_generator_vlog_beh.v:1332]
INFO: [VRFC 10-2458] undeclared symbol rd_rst_busy_axis, assumed default net type wire [C:/Thesis_Nexys_Video_2016_4/Thesis_Nexys_Video_2016_4.srcs/sources_1/bd/DDR3_sim/ipshared/564d/simulation/fifo_generator_vlog_beh.v:1574]
INFO: [VRFC 10-2458] undeclared symbol rd_rst_busy_wach, assumed default net type wire [C:/Thesis_Nexys_Video_2016_4/Thesis_Nexys_Video_2016_4.srcs/sources_1/bd/DDR3_sim/ipshared/564d/simulation/fifo_generator_vlog_beh.v:2099]
INFO: [VRFC 10-2458] undeclared symbol rd_rst_busy_wdch, assumed default net type wire [C:/Thesis_Nexys_Video_2016_4/Thesis_Nexys_Video_2016_4.srcs/sources_1/bd/DDR3_sim/ipshared/564d/simulation/fifo_generator_vlog_beh.v:2319]
INFO: [VRFC 10-2458] undeclared symbol rd_rst_busy_wrch, assumed default net type wire [C:/Thesis_Nexys_Video_2016_4/Thesis_Nexys_Video_2016_4.srcs/sources_1/bd/DDR3_sim/ipshared/564d/simulation/fifo_generator_vlog_beh.v:2486]
INFO: [VRFC 10-2458] undeclared symbol rd_rst_busy_rach, assumed default net type wire [C:/Thesis_Nexys_Video_2016_4/Thesis_Nexys_Video_2016_4.srcs/sources_1/bd/DDR3_sim/ipshared/564d/simulation/fifo_generator_vlog_beh.v:2866]
INFO: [VRFC 10-2458] undeclared symbol rd_rst_busy_rdch, assumed default net type wire [C:/Thesis_Nexys_Video_2016_4/Thesis_Nexys_Video_2016_4.srcs/sources_1/bd/DDR3_sim/ipshared/564d/simulation/fifo_generator_vlog_beh.v:3099]
INFO: [VRFC 10-311] analyzing module fifo_generator_v13_1_3_CONV_VER
INFO: [VRFC 10-311] analyzing module fifo_generator_v13_1_3_sync_stage
INFO: [VRFC 10-311] analyzing module fifo_generator_v13_1_3_bhv_ver_as
INFO: [VRFC 10-311] analyzing module fifo_generator_v13_1_3_beh_ver_ll_afifo
INFO: [VRFC 10-311] analyzing module fifo_generator_v13_1_3_bhv_ver_ss
INFO: [VRFC 10-2458] undeclared symbol srst_wrst_busy, assumed default net type wire [C:/Thesis_Nexys_Video_2016_4/Thesis_Nexys_Video_2016_4.srcs/sources_1/bd/DDR3_sim/ipshared/564d/simulation/fifo_generator_vlog_beh.v:7858]
INFO: [VRFC 10-311] analyzing module fifo_generator_v13_1_3_bhv_ver_preload0
INFO: [VRFC 10-311] analyzing module fifo_generator_v13_1_3_axic_reg_slice
INFO: [VRFC 10-2263] Analyzing Verilog file "C:/Thesis_Nexys_Video_2016_4/Thesis_Nexys_Video_2016_4.srcs/sources_1/bd/DDR3_sim/ipshared/564d/hdl/fifo_generator_v13_1_rfs.v" into library fifo_generator_v13_1_3
INFO: [VRFC 10-311] analyzing module fifo_generator_v13_1_3
INFO: [VRFC 10-2458] undeclared symbol sleep_i, assumed default net type wire [C:/Thesis_Nexys_Video_2016_4/Thesis_Nexys_Video_2016_4.srcs/sources_1/bd/DDR3_sim/ipshared/564d/hdl/fifo_generator_v13_1_rfs.v:519]
INFO: [VRFC 10-2263] Analyzing Verilog file "C:/Thesis_Nexys_Video_2016_4/Thesis_Nexys_Video_2016_4.ip_user_files/bd/DDR3_sim/ip/DDR3_sim_xbar_0/sim/DDR3_sim_xbar_0.v" into library xil_defaultlib
INFO: [VRFC 10-311] analyzing module DDR3_sim_xbar_0
INFO: [VRFC 10-2263] Analyzing Verilog file "C:/Thesis_Nexys_Video_2016_4/Thesis_Nexys_Video_2016_4.ip_user_files/bd/DDR3_sim/ip/DDR3_sim_auto_pc_0/sim/DDR3_sim_auto_pc_0.v" into library xil_defaultlib
INFO: [VRFC 10-311] analyzing module DDR3_sim_auto_pc_0
INFO: [VRFC 10-2263] Analyzing Verilog file "C:/Thesis_Nexys_Video_2016_4/Thesis_Nexys_Video_2016_4.sim/sim_1/behav/glbl.v" into library xil_defaultlib
INFO: [VRFC 10-311] analyzing module glbl
