#-----------------------------------------------------------
# Webtalk v2016.4 (64-bit)
# SW Build 1756540 on Mon Jan 23 19:11:23 MST 2017
# 
# Start of session at: Sat Apr 27 18:44:30 2019
# Process ID: 13668
# Current directory: C:/Thesis_Nexys_Video_2016_4/Thesis_Nexys_Video_2016_4.sdk/webtalk
# Command line: wbtcv.exe -mode batch -source sdk_webtalk.tcl
# Log file: C:/Thesis_Nexys_Video_2016_4/Thesis_Nexys_Video_2016_4.sdk/webtalk/webtalk.log
# Journal file: C:/Thesis_Nexys_Video_2016_4/Thesis_Nexys_Video_2016_4.sdk/webtalk\webtalk.jou
#-----------------------------------------------------------
source sdk_webtalk.tcl
# webtalk_init -webtalk_dir C:\\Thesis_Nexys_Video_2016_4\\Thesis_Nexys_Video_2016_4.sdk\\webtalk
# webtalk_register_client -client project
# webtalk_add_data -client project -key date_generated -value "2019-04-27 18:44:29" -context "software_version_and_target_device"
# webtalk_add_data -client project -key product_version -value "SDK v2016.4" -context "software_version_and_target_device"
# webtalk_add_data -client project -key build_version -value "2016.4" -context "software_version_and_target_device"
# webtalk_add_data -client project -key os_platform -value "amd64" -context "software_version_and_target_device"
# webtalk_add_data -client project -key registration_id -value "211625297_1777539446_0_036" -context "software_version_and_target_device"
# webtalk_add_data -client project -key tool_flow -value "SDK" -context "software_version_and_target_device"
# webtalk_add_data -client project -key beta -value "false" -context "software_version_and_target_device"
# webtalk_add_data -client project -key route_design -value "NA" -context "software_version_and_target_device"
# webtalk_add_data -client project -key target_family -value "NA" -context "software_version_and_target_device"
# webtalk_add_data -client project -key target_device -value "NA" -context "software_version_and_target_device"
# webtalk_add_data -client project -key target_package -value "NA" -context "software_version_and_target_device"
# webtalk_add_data -client project -key target_speed -value "NA" -context "software_version_and_target_device"
# webtalk_add_data -client project -key random_id -value "5bkbdt8obks17n55e3e0o8kue4" -context "software_version_and_target_device"
# webtalk_add_data -client project -key project_id -value "2016.4_17" -context "software_version_and_target_device"
# webtalk_add_data -client project -key project_iteration -value "17" -context "software_version_and_target_device"
# webtalk_add_data -client project -key os_name -value "Microsoft Windows 7 , 64-bit" -context "user_environment"
# webtalk_add_data -client project -key os_release -value "Service Pack 1  (build 7601)" -context "user_environment"
# webtalk_add_data -client project -key cpu_name -value "Intel(R) Core(TM) i7-4712HQ CPU @ 2.30GHz" -context "user_environment"
# webtalk_add_data -client project -key cpu_speed -value "2294 MHz" -context "user_environment"
# webtalk_add_data -client project -key total_processors -value "1" -context "user_environment"
# webtalk_add_data -client project -key system_ram -value "17.000 GB" -context "user_environment"
# webtalk_register_client -client sdk
# webtalk_add_data -client sdk -key uid -value "1556307323727" -context "sdk\\\\hardware/1556307323727"
# webtalk_add_data -client sdk -key isZynq -value "false" -context "sdk\\\\hardware/1556307323727"
# webtalk_add_data -client sdk -key isZynqMP -value "false" -context "sdk\\\\hardware/1556307323727"
# webtalk_add_data -client sdk -key Processors -value "1" -context "sdk\\\\hardware/1556307323727"
# webtalk_add_data -client sdk -key VivadoVersion -value "2016.4" -context "sdk\\\\hardware/1556307323727"
# webtalk_add_data -client sdk -key Arch -value "artix7" -context "sdk\\\\hardware/1556307323727"
# webtalk_add_data -client sdk -key Device -value "7a200t" -context "sdk\\\\hardware/1556307323727"
# webtalk_add_data -client sdk -key IsHandoff -value "true" -context "sdk\\\\hardware/1556307323727"
# webtalk_add_data -client sdk -key os -value "NA" -context "sdk\\\\hardware/1556307323727"
# webtalk_add_data -client sdk -key apptemplate -value "NA" -context "sdk\\\\hardware/1556307323727"
# webtalk_add_data -client sdk -key RecordType -value "HWCreation" -context "sdk\\\\hardware/1556307323727"
# webtalk_add_data -client sdk -key uid -value "1556307393988" -context "sdk\\\\bsp/1556307393988"
# webtalk_add_data -client sdk -key hwid -value "1556307323727" -context "sdk\\\\bsp/1556307393988"
# webtalk_add_data -client sdk -key os -value "standalone" -context "sdk\\\\bsp/1556307393988"
# webtalk_add_data -client sdk -key apptemplate -value "peripheral_tests" -context "sdk\\\\bsp/1556307393988"
# webtalk_add_data -client sdk -key RecordType -value "BSPCreation" -context "sdk\\\\bsp/1556307393988"
# webtalk_add_data -client sdk -key uid -value "1556307405301" -context "sdk\\\\application/1556307405301"
# webtalk_add_data -client sdk -key hwid -value "1556307323727" -context "sdk\\\\application/1556307405301"
# webtalk_add_data -client sdk -key bspid -value "1556307393988" -context "sdk\\\\application/1556307405301"
# webtalk_add_data -client sdk -key newbsp -value "true" -context "sdk\\\\application/1556307405301"
# webtalk_add_data -client sdk -key os -value "standalone" -context "sdk\\\\application/1556307405301"
# webtalk_add_data -client sdk -key apptemplate -value "peripheral_tests" -context "sdk\\\\application/1556307405301"
# webtalk_add_data -client sdk -key RecordType -value "APPCreation" -context "sdk\\\\application/1556307405301"
# webtalk_add_data -client sdk -key LangUsed -value "C" -context "sdk\\\\application/1556307405301"
# webtalk_add_data -client sdk -key Procused -value "microblaze" -context "sdk\\\\application/1556307405301"
# webtalk_add_data -client sdk -key projSize -value "224.1904296875" -context "sdk\\\\application/1556307405301"
# webtalk_add_data -client sdk -key uid -value "NA" -context "sdk\\\\bsp/1556415869099"
# webtalk_add_data -client sdk -key RecordType -value "ToolUsage" -context "sdk\\\\bsp/1556415869099"
# webtalk_add_data -client sdk -key BootgenCount -value "0" -context "sdk\\\\bsp/1556415869099"
# webtalk_add_data -client sdk -key DebugCount -value "5" -context "sdk\\\\bsp/1556415869099"
# webtalk_add_data -client sdk -key PerfCount -value "0" -context "sdk\\\\bsp/1556415869099"
# webtalk_add_data -client sdk -key FlashCount -value "0" -context "sdk\\\\bsp/1556415869099"
# webtalk_add_data -client sdk -key CrossTriggCount -value "0" -context "sdk\\\\bsp/1556415869099"
# webtalk_add_data -client sdk -key QemuDebugCount -value "0" -context "sdk\\\\bsp/1556415869099"
# webtalk_transmit -clientid 2358999451 -regid "211625297_1777539446_0_036" -xml C:\\Thesis_Nexys_Video_2016_4\\Thesis_Nexys_Video_2016_4.sdk\\webtalk\\usage_statistics_ext_sdk.xml -html C:\\Thesis_Nexys_Video_2016_4\\Thesis_Nexys_Video_2016_4.sdk\\webtalk\\usage_statistics_ext_sdk.html -wdm C:\\Thesis_Nexys_Video_2016_4\\Thesis_Nexys_Video_2016_4.sdk\\webtalk\\sdk_webtalk.wdm -intro "<H3>SDK Usage Report</H3><BR>"
INFO: [Common 17-186] 'C:\Thesis_Nexys_Video_2016_4\Thesis_Nexys_Video_2016_4.sdk\webtalk\usage_statistics_ext_sdk.xml' has been successfully sent to Xilinx on Sat Apr 27 18:44:42 2019. For additional details about this file, please refer to the WebTalk help file at C:/Xilinx/SDK/2016.4/doc/webtalk_introduction.html.
# webtalk_terminate
INFO: [Common 17-206] Exiting Webtalk at Sat Apr 27 18:44:42 2019...
